\BOOKMARK [0][-]{chapter.1}{\376\377\000I\000n\000t\000r\000o\000d\000u\000k\000t\000i\000o\000n}{}% 1
\BOOKMARK [0][-]{chapter.2}{\376\377\000T\000e\000o\000r\000i}{}% 2
\BOOKMARK [1][-]{section.2.1}{\376\377\000K\000r\000e\000t\000s\000s\000c\000h\000e\000m\000a}{chapter.2}% 3
\BOOKMARK [1][-]{section.2.2}{\376\377\000K\000r\000e\000t\000s\000e\000n\000\040\000u\000p\000p\000d\000e\000l\000a\000d}{chapter.2}% 4
\BOOKMARK [2][-]{subsection.2.2.1}{\376\377\000H\000\366\000g\000p\000a\000s\000s\000f\000i\000l\000t\000e\000r}{section.2.2}% 5
\BOOKMARK [2][-]{subsection.2.2.2}{\376\377\000V\000-\000V\000-\000f\000\366\000r\000s\000t\000\344\000r\000k\000a\000r\000e}{section.2.2}% 6
\BOOKMARK [2][-]{subsection.2.2.3}{\376\377\000P\000r\000e\000c\000i\000s\000i\000o\000n\000l\000i\000k\000r\000i\000k\000t\000a\000r\000e}{section.2.2}% 7
\BOOKMARK [2][-]{subsection.2.2.4}{\376\377\000K\000o\000m\000p\000a\000r\000a\000t\000o\000r\000e\000r\000\040\000o\000c\000h\000\040\000l\000y\000s\000d\000i\000o\000d\000e\000r}{section.2.2}% 8
\BOOKMARK [0][-]{chapter.3}{\376\377\000M\000e\000t\000o\000d}{}% 9
\BOOKMARK [1][-]{section.3.1}{\376\377\000P\000r\000e\000l\000i\000m\000i\000n\000\344\000r\000a\000\040\000k\000r\000e\000t\000s\000a\000r}{chapter.3}% 10
\BOOKMARK [2][-]{subsection.3.1.1}{\376\377\000K\000r\000e\000t\000s\000\040\000m\000e\000d\000\040\000t\000r\000a\000n\000s\000i\000s\000t\000o\000r\000e\000r}{section.3.1}% 11
\BOOKMARK [2][-]{subsection.3.1.2}{\376\377\000K\000r\000e\000t\000s\000\040\000m\000e\000d\000\040\000b\000r\000y\000g\000g\000l\000i\000k\000r\000i\000k\000t\000a\000r\000e}{section.3.1}% 12
\BOOKMARK [1][-]{section.3.2}{\376\377\000S\000l\000u\000t\000g\000i\000l\000t\000i\000g\000\040\000k\000r\000e\000t\000s}{chapter.3}% 13
\BOOKMARK [1][-]{section.3.3}{\376\377\000K\000o\000n\000s\000t\000r\000u\000k\000t\000i\000o\000n\000\040\000o\000c\000h\000\040\000m\000\344\000t\000n\000i\000n\000g\000a\000r}{chapter.3}% 14
\BOOKMARK [0][-]{chapter.4}{\376\377\000R\000e\000s\000u\000l\000t\000a\000t}{}% 15
\BOOKMARK [0][-]{chapter.5}{\376\377\000D\000i\000s\000k\000u\000s\000s\000i\000o\000n}{}% 16
\BOOKMARK [1][-]{section.5.1}{\376\377\000D\000i\000s\000k\000u\000s\000s\000i\000o\000n\000\040\000o\000m\000\040\000r\000e\000s\000u\000l\000t\000a\000t}{chapter.5}% 17
\BOOKMARK [1][-]{section.5.2}{\376\377\000D\000i\000s\000k\000u\000s\000s\000i\000o\000n\000\040\000o\000m\000\040\000r\000e\000s\000u\000l\000t\000a\000t\000\040\000u\000t\000i\000f\000r\000\345\000n\000\040\000t\000e\000o\000r\000i}{chapter.5}% 18
\BOOKMARK [1][-]{section.5.3}{\376\377\000F\000e\000l\000k\000\344\000l\000l\000o\000r}{chapter.5}% 19
\BOOKMARK [1][-]{section.5.4}{\376\377\000E\000v\000e\000n\000t\000u\000e\000l\000l\000a\000\040\000u\000t\000v\000e\000c\000k\000l\000i\000n\000g\000a\000r\000\040\000o\000c\000h\000\040\000t\000i\000l\000l\000\344\000m\000p\000n\000i\000n\000g\000a\000r}{chapter.5}% 20
\BOOKMARK [1][-]{section.5.5}{\376\377\000S\000l\000u\000t\000s\000a\000t\000s}{chapter.5}% 21
\BOOKMARK [0][-]{chapter*.3}{\376\377\000K\000\344\000l\000l\000f\000\366\000r\000t\000e\000c\000k\000n\000i\000n\000g}{}% 22
\BOOKMARK [0][-]{chapter*.4}{\376\377\000B\000i\000l\000a\000g\000o\000r}{}% 23
